[35m[Appium][39m Welcome to Appium v1.22.3
[35m[Appium][39m Non-default server args:
[35m[Appium][39m   port: 59053
[35m[Appium][39m   loglevel: info
[35m[Appium][39m   tmpDir: C:\Users\Admins\AppData\Local\Temp\\Katalon\Appium\Temp1676212665720
[35m[Appium][39m   chromedriverPort: 59055
[35m[Appium][39m Deprecated server args:
[35m[Appium][39m   [31m--chromedriver-port[39m => --default-capabilities
[35m[Appium][39m Default capabilities, which will be added to each request unless overridden by desired capabilities:
[35m[Appium][39m   chromedriverPort: 59055
[35m[Appium][39m Appium REST http interface listener started on 0.0.0.0:59053
[35m[HTTP][39m [37m-->[39m [37mGET[39m [37m/wd/hub/status[39m
[35m[HTTP][39m [90m{}[39m
[35m[HTTP][39m [37m<-- GET /wd/hub/status [39m[32m200[39m [90m5 ms - 68[39m
[35m[HTTP][39m [90m[39m
[35m[HTTP][39m [37m-->[39m [37mGET[39m [37m/wd/hub/status[39m
[35m[HTTP][39m [90m{}[39m
[35m[HTTP][39m [37m<-- GET /wd/hub/status [39m[32m200[39m [90m1 ms - 68[39m
[35m[HTTP][39m [90m[39m
[35m[HTTP][39m [37m-->[39m [37mPOST[39m [37m/wd/hub/session[39m
[35m[HTTP][39m [90m{"desiredCapabilities":{"appActivity":".Settings","appPackage":"com.android.settings","newCommandTimeout":1800,"platformVersion":"12","automationName":"uiautomator2","autoGrantPermissions":true,"platformName":"Android","udid":"400b073f","deviceName":"Xiaomi Redmi Note 9S (Android 12)","platform":"ANDROID","systemPort":8212},"capabilities":{"firstMatch":[{"appium:appActivity":".Settings","appium:appPackage":"com.android.settings","appium:autoGrantPermissions":true,"appium:automationName":"uiautomator2","appium:deviceName":"Xiaomi Redmi Note 9S (Android 12)","appium:newCommandTimeout":1800,"platform":"ANDROID","platformName":"android","appium:platformVersion":"12","appium:systemPort":8212,"appium:udid":"400b073f"}]}}[39m
[35m[BaseDriver][39m The following capabilities are not standard capabilities and should have an extension prefix:
[35m[BaseDriver][39m   platform
[35m[BaseDriver][39m   chromedriverPort
[35m[Appium][39m Appium v1.22.3 creating new AndroidUiautomator2Driver (v1.70.1) session
[35m[BaseDriver][39m The following capabilities were provided, but are not recognized by Appium:
[35m[BaseDriver][39m   platform
[35m[BaseDriver][39m Session created with session id: 51eb0e20-1c5e-4ddb-8f2a-4f67e2238469
[35m[UiAutomator2][39m Starting 'com.android.settings' directly on the device
[35m[ADB][39m Found 1 'build-tools' folders under 'C:\Users\Admins\.katalon\tools\android_sdk' (newest first):
[35m[ADB][39m     C:/Users/Admins/.katalon/tools/android_sdk/build-tools/29.0.3
[35m[ADB][39m Using 'adb.exe' from 'C:\Users\Admins\.katalon\tools\android_sdk\platform-tools\adb.exe'
[35m[AndroidDriver][39m Retrieving device list
[35m[AndroidDriver][39m Using device: 400b073f
[35m[ADB][39m Using 'adb.exe' from 'C:\Users\Admins\.katalon\tools\android_sdk\platform-tools\adb.exe'
[35m[ADB][39m Getting device platform version
[35m[UiAutomator2][39m Relaxing hidden api policy
[35m[AndroidDriver][39m No app sent in, not parsing package/activity
[35m[ADB][39m Using 'apksigner.jar' from 'C:\Users\Admins\.katalon\tools\android_sdk\build-tools\29.0.3\lib\apksigner.jar'
[35m[ADB][39m 'C:\Users\Admins\AppData\Roaming\npm\node_modules\appium\node_modules\appium-uiautomator2-server\apks\appium-uiautomator2-server-v4.27.0.apk' is signed with the default certificate
[35m[ADB][39m 'C:\Users\Admins\AppData\Roaming\npm\node_modules\appium\node_modules\appium-uiautomator2-server\apks\appium-uiautomator2-server-debug-androidTest.apk' is signed with the default certificate
[35m[UiAutomator2][39m Server packages are not going to be (re)installed
[35m[ADB][39m Adding packages ["io.appium.settings","io.appium.uiautomator2.server","io.appium.uiautomator2.server.test"] to Doze whitelist
[35m[UiAutomator2][39m Starting UIAutomator2 server 4.27.0
[35m[UiAutomator2][39m Using UIAutomator2 server from 'C:\Users\Admins\AppData\Roaming\npm\node_modules\appium\node_modules\appium-uiautomator2-server\apks\appium-uiautomator2-server-v4.27.0.apk' and test from 'C:\Users\Admins\AppData\Roaming\npm\node_modules\appium\node_modules\appium-uiautomator2-server\apks\appium-uiautomator2-server-debug-androidTest.apk'
[35m[UiAutomator2][39m Waiting up to 30000ms for UiAutomator2 to be online...
[35m[WD Proxy][39m socket hang up
[35m[WD Proxy][39m socket hang up
[35m[WD Proxy][39m socket hang up
[35m[WD Proxy][39m socket hang up
[35m[WD Proxy][39m socket hang up
[35m[WD Proxy][39m socket hang up
[35m[WD Proxy][39m Determined the downstream protocol as 'W3C'
[35m[AndroidDriver][39m Screen already unlocked, doing nothing
[35m[UiAutomator2][39m Starting 'com.android.settings/.Settings and waiting for 'com.android.settings/.Settings'
[35m[Appium][39m New AndroidUiautomator2Driver session created successfully, session 51eb0e20-1c5e-4ddb-8f2a-4f67e2238469 added to master session list
[35m[HTTP][39m [37m<-- POST /wd/hub/session [39m[32m200[39m [90m13616 ms - 1155[39m
[35m[HTTP][39m [90m[39m
[35m[HTTP][39m [37m-->[39m [37mGET[39m [37m/wd/hub/session/51eb0e20-1c5e-4ddb-8f2a-4f67e2238469[39m
[35m[HTTP][39m [90m{}[39m
[35m[HTTP][39m [37m<-- GET /wd/hub/session/51eb0e20-1c5e-4ddb-8f2a-4f67e2238469 [39m[32m200[39m [90m9 ms - 1109[39m
[35m[HTTP][39m [90m[39m
[35m[HTTP][39m [37m-->[39m [37mGET[39m [37m/wd/hub/session/51eb0e20-1c5e-4ddb-8f2a-4f67e2238469[39m
[35m[HTTP][39m [90m{}[39m
[35m[HTTP][39m [37m<-- GET /wd/hub/session/51eb0e20-1c5e-4ddb-8f2a-4f67e2238469 [39m[32m200[39m [90m7 ms - 1109[39m
[35m[HTTP][39m [90m[39m
[35m[HTTP][39m [37m-->[39m [37mGET[39m [37m/wd/hub/status[39m
[35m[HTTP][39m [90m{}[39m
[35m[HTTP][39m [37m<-- GET /wd/hub/status [39m[32m200[39m [90m1 ms - 68[39m
[35m[HTTP][39m [90m[39m
[35m[HTTP][39m [37m-->[39m [37mPOST[39m [37m/wd/hub/session/51eb0e20-1c5e-4ddb-8f2a-4f67e2238469/timeouts[39m
[35m[HTTP][39m [90m{"implicit":60000}[39m
[35m[HTTP][39m [37m<-- POST /wd/hub/session/51eb0e20-1c5e-4ddb-8f2a-4f67e2238469/timeouts [39m[32m200[39m [90m2 ms - 14[39m
[35m[HTTP][39m [90m[39m
[35m[HTTP][39m [37m-->[39m [37mGET[39m [37m/wd/hub/session/51eb0e20-1c5e-4ddb-8f2a-4f67e2238469/screenshot[39m
[35m[HTTP][39m [90m{}[39m
[35m[HTTP][39m [37m<-- GET /wd/hub/session/51eb0e20-1c5e-4ddb-8f2a-4f67e2238469/screenshot [39m[32m200[39m [90m467 ms - 259914[39m
[35m[HTTP][39m [90m[39m
[35m[HTTP][39m [37m-->[39m [37mGET[39m [37m/wd/hub/session/51eb0e20-1c5e-4ddb-8f2a-4f67e2238469/window/rect[39m
[35m[HTTP][39m [90m{}[39m
[35m[HTTP][39m [37m<-- GET /wd/hub/session/51eb0e20-1c5e-4ddb-8f2a-4f67e2238469/window/rect [39m[32m200[39m [90m15 ms - 50[39m
[35m[HTTP][39m [90m[39m
[35m[HTTP][39m [37m-->[39m [37mGET[39m [37m/wd/hub/session/51eb0e20-1c5e-4ddb-8f2a-4f67e2238469/appium/device/system_bars[39m
[35m[HTTP][39m [90m{}[39m
[35m[HTTP][39m [37m<-- GET /wd/hub/session/51eb0e20-1c5e-4ddb-8f2a-4f67e2238469/appium/device/system_bars [39m[32m200[39m [90m72 ms - 145[39m
[35m[HTTP][39m [90m[39m
[35m[HTTP][39m [37m-->[39m [37mPOST[39m [37m/wd/hub/session/51eb0e20-1c5e-4ddb-8f2a-4f67e2238469/appium/device/activate_app[39m
[35m[HTTP][39m [90m{"bundleId":"com.google.android.apps.messaging"}[39m
[35m[HTTP][39m [37m<-- POST /wd/hub/session/51eb0e20-1c5e-4ddb-8f2a-4f67e2238469/appium/device/activate_app [39m[32m200[39m [90m3377 ms - 14[39m
[35m[HTTP][39m [90m[39m
[35m[HTTP][39m [37m-->[39m [37mGET[39m [37m/wd/hub/session/51eb0e20-1c5e-4ddb-8f2a-4f67e2238469/source[39m
[35m[HTTP][39m [90m{}[39m
[35m[W3C (51eb0e20)][39m Driver proxy active, passing request on via HTTP proxy
[35m[WD Proxy][39m Replacing sessionId 051bc744-345a-4fa2-85e8-a1dd0a7e7710 with 51eb0e20-1c5e-4ddb-8f2a-4f67e2238469
[35m[HTTP][39m [37m<-- GET /wd/hub/session/51eb0e20-1c5e-4ddb-8f2a-4f67e2238469/source [39m[32m200[39m [90m1249 ms - 57636[39m
[35m[HTTP][39m [90m[39m
[35m[HTTP][39m [37m-->[39m [37mGET[39m [37m/wd/hub/session/51eb0e20-1c5e-4ddb-8f2a-4f67e2238469/screenshot[39m
[35m[HTTP][39m [90m{}[39m
[35m[HTTP][39m [37m<-- GET /wd/hub/session/51eb0e20-1c5e-4ddb-8f2a-4f67e2238469/screenshot [39m[32m200[39m [90m487 ms - 548530[39m
[35m[HTTP][39m [90m[39m
[35m[HTTP][39m [37m-->[39m [37mPOST[39m [37m/wd/hub/session/51eb0e20-1c5e-4ddb-8f2a-4f67e2238469/elements[39m
[35m[HTTP][39m [90m{"using":"xpath","value":"//*[@class = 'android.widget.TextView' and (@text = '[TB] TẶNG 50% GIÁ TRỊ CHO LẦN NẠP TIỀN ĐẦU TIÊN VÀO CHỦ NHẬT hàng tuần. CT áp dụng với thuê bao nạp tiền vào tài khoản viễn thông qua tài khoản Viettel Pay liên kết trên ứng dụng MY VIETTEL. Tiền khuyến mại sử dụng nội mạng trong 15 ngày. Giảm giá thêm 2,5% khi nạp tiền tại https://myvt.page.link/naptiencn. LH 198 (0đ). Trân trọng.' or . = '[TB] TẶNG 50% GIÁ TRỊ CHO LẦN NẠP TIỀN ĐẦU TIÊN VÀO CHỦ NHẬT hàng tuần. CT áp dụng với thuê bao nạp tiền vào tài khoản viễn thông qua tài khoản Viettel Pay liên kết trên ứng dụng MY VIETTEL. Tiền khuyến mại sử dụng nội mạng trong 15 ngày. Giảm giá thêm 2,5% khi nạp tiền tại https://myvt.page.link/naptiencn. LH 198 (0đ). Trân trọng.') and @resource-id = 'com.google.android.apps.messaging:id/conversation_snippet']"}[39m
[35m[HTTP][39m [37m<-- POST /wd/hub/session/51eb0e20-1c5e-4ddb-8f2a-4f67e2238469/elements [39m[32m200[39m [90m673 ms - 139[39m
[35m[HTTP][39m [90m[39m
[35m[HTTP][39m [37m-->[39m [37mPOST[39m [37m/wd/hub/session/51eb0e20-1c5e-4ddb-8f2a-4f67e2238469/elements[39m
[35m[HTTP][39m [90m{"using":"xpath","value":"//*[@class = 'android.widget.TextView' and (@text = 'Quy khach duoc cong them 464 diem Viettel++ boi giao dich Tieu dung vien thong thang 01/2023. Thoi han su dung diem den 29/02/2024. Hay truy cap https://myvt.page.link/vtplus tren My Viettel hoac *098# de doi diem sang Data, SMS, Phut goi cung nhieu uu dai gia tri khac. Chi tiet LH 198. Tran trong.' or . = 'Quy khach duoc cong them 464 diem Viettel++ boi giao dich Tieu dung vien thong thang 01/2023. Thoi han su dung diem den 29/02/2024. Hay truy cap https://myvt.page.link/vtplus tren My Viettel hoac *098# de doi diem sang Data, SMS, Phut goi cung nhieu uu dai gia tri khac. Chi tiet LH 198. Tran trong.') and @resource-id = 'com.google.android.apps.messaging:id/conversation_snippet']"}[39m
[35m[HTTP][39m [37m<-- POST /wd/hub/session/51eb0e20-1c5e-4ddb-8f2a-4f67e2238469/elements [39m[32m200[39m [90m434 ms - 139[39m
[35m[HTTP][39m [90m[39m
[35m[HTTP][39m [37m-->[39m [37mPOST[39m [37m/wd/hub/session/51eb0e20-1c5e-4ddb-8f2a-4f67e2238469/elements[39m
[35m[HTTP][39m [90m{"using":"xpath","value":"//*[@class = 'android.widget.TextView' and (@text = '[QC] Sale siêu lớn giữa tháng 02 cùng Lazada trên ứng dụng My Viettel với vô vàn Deal hot mới nhất: Thiết bị điện tử, Thời trang và Du lịch, Chăm sóc sức khỏe và Làm đẹp... CT áp dụng từ ngày 12-15/02. Chi tiết truy cập https://c.lazada.vn/t/c.0Payr6?sub_aff_id=SMS hoặc LH 19006509 (1.000đ/p). Từ chối QC, soạn TC7 VT_MALL gửi 197.' or . = '[QC] Sale siêu lớn giữa tháng 02 cùng Lazada trên ứng dụng My Viettel với vô vàn Deal hot mới nhất: Thiết bị điện tử, Thời trang và Du lịch, Chăm sóc sức khỏe và Làm đẹp... CT áp dụng từ ngày 12-15/02. Chi tiết truy cập https://c.lazada.vn/t/c.0Payr6?sub_aff_id=SMS hoặc LH 19006509 (1.000đ/p). Từ chối QC, soạn TC7 VT_MALL gửi 197.') and @resource-id = 'com.google.android.apps.messaging:id/conversation_snippet']"}[39m
[35m[HTTP][39m [37m<-- POST /wd/hub/session/51eb0e20-1c5e-4ddb-8f2a-4f67e2238469/elements [39m[32m200[39m [90m351 ms - 139[39m
[35m[HTTP][39m [90m[39m
[35m[HTTP][39m [37m-->[39m [37mDELETE[39m [37m/wd/hub/session/51eb0e20-1c5e-4ddb-8f2a-4f67e2238469[39m
[35m[HTTP][39m [90m{}[39m
[35m[Appium][39m Removing session 51eb0e20-1c5e-4ddb-8f2a-4f67e2238469 from our master session list
[35m[UiAutomator2][39m Restoring hidden api policy to the device default configuration
[35m[HTTP][39m [37m<-- DELETE /wd/hub/session/51eb0e20-1c5e-4ddb-8f2a-4f67e2238469 [39m[32m200[39m [90m438 ms - 14[39m
[35m[HTTP][39m [90m[39m
